[INFO ] 2024-09-26 09:48:58.122 [ex2.lab1.ies.deti.ua.WeatherStarter.main()] WeatherStarter - Weather forecast for 1010500, PT
[INFO ] 2024-09-26 09:48:58.127 [ex2.lab1.ies.deti.ua.WeatherStarter.main()] WeatherStarter - Date: 2024-09-26
[INFO ] 2024-09-26 09:48:58.127 [ex2.lab1.ies.deti.ua.WeatherStarter.main()] WeatherStarter - Max Temperature: 22.7°C
[INFO ] 2024-09-26 09:48:58.127 [ex2.lab1.ies.deti.ua.WeatherStarter.main()] WeatherStarter - Min Temperature: 17.4°C
[INFO ] 2024-09-26 09:48:58.128 [ex2.lab1.ies.deti.ua.WeatherStarter.main()] WeatherStarter - Weather Type: W
[INFO ] 2024-09-26 09:48:58.128 [ex2.lab1.ies.deti.ua.WeatherStarter.main()] WeatherStarter - Wind Direction: W
[INFO ] 2024-09-26 09:48:58.128 [ex2.lab1.ies.deti.ua.WeatherStarter.main()] WeatherStarter - Wind Speed: 2 km/h
[INFO ] 2024-09-26 09:48:58.132 [ex2.lab1.ies.deti.ua.WeatherStarter.main()] WeatherStarter - Date: 2024-09-27
[INFO ] 2024-09-26 09:48:58.132 [ex2.lab1.ies.deti.ua.WeatherStarter.main()] WeatherStarter - Max Temperature: 20.1°C
[INFO ] 2024-09-26 09:48:58.132 [ex2.lab1.ies.deti.ua.WeatherStarter.main()] WeatherStarter - Min Temperature: 13.9°C
[INFO ] 2024-09-26 09:48:58.133 [ex2.lab1.ies.deti.ua.WeatherStarter.main()] WeatherStarter - Weather Type: N
[INFO ] 2024-09-26 09:48:58.133 [ex2.lab1.ies.deti.ua.WeatherStarter.main()] WeatherStarter - Wind Direction: N
[INFO ] 2024-09-26 09:48:58.133 [ex2.lab1.ies.deti.ua.WeatherStarter.main()] WeatherStarter - Wind Speed: 2 km/h
[INFO ] 2024-09-26 09:48:58.134 [ex2.lab1.ies.deti.ua.WeatherStarter.main()] WeatherStarter - Date: 2024-09-28
[INFO ] 2024-09-26 09:48:58.134 [ex2.lab1.ies.deti.ua.WeatherStarter.main()] WeatherStarter - Max Temperature: 20.9°C
[INFO ] 2024-09-26 09:48:58.135 [ex2.lab1.ies.deti.ua.WeatherStarter.main()] WeatherStarter - Min Temperature: 10.2°C
[INFO ] 2024-09-26 09:48:58.135 [ex2.lab1.ies.deti.ua.WeatherStarter.main()] WeatherStarter - Weather Type: N
[INFO ] 2024-09-26 09:48:58.135 [ex2.lab1.ies.deti.ua.WeatherStarter.main()] WeatherStarter - Wind Direction: N
[INFO ] 2024-09-26 09:48:58.135 [ex2.lab1.ies.deti.ua.WeatherStarter.main()] WeatherStarter - Wind Speed: 1 km/h
[INFO ] 2024-09-26 09:48:58.137 [ex2.lab1.ies.deti.ua.WeatherStarter.main()] WeatherStarter - Date: 2024-09-29
[INFO ] 2024-09-26 09:48:58.138 [ex2.lab1.ies.deti.ua.WeatherStarter.main()] WeatherStarter - Max Temperature: 22.8°C
[INFO ] 2024-09-26 09:48:58.138 [ex2.lab1.ies.deti.ua.WeatherStarter.main()] WeatherStarter - Min Temperature: 12.7°C
[INFO ] 2024-09-26 09:48:58.138 [ex2.lab1.ies.deti.ua.WeatherStarter.main()] WeatherStarter - Weather Type: N
[INFO ] 2024-09-26 09:48:58.139 [ex2.lab1.ies.deti.ua.WeatherStarter.main()] WeatherStarter - Wind Direction: N
[INFO ] 2024-09-26 09:48:58.139 [ex2.lab1.ies.deti.ua.WeatherStarter.main()] WeatherStarter - Wind Speed: 1 km/h
[INFO ] 2024-09-26 09:48:58.141 [ex2.lab1.ies.deti.ua.WeatherStarter.main()] WeatherStarter - Date: 2024-09-30
[INFO ] 2024-09-26 09:48:58.142 [ex2.lab1.ies.deti.ua.WeatherStarter.main()] WeatherStarter - Max Temperature: 23.4°C
[INFO ] 2024-09-26 09:48:58.142 [ex2.lab1.ies.deti.ua.WeatherStarter.main()] WeatherStarter - Min Temperature: 13.3°C
[INFO ] 2024-09-26 09:48:58.142 [ex2.lab1.ies.deti.ua.WeatherStarter.main()] WeatherStarter - Weather Type: W
[INFO ] 2024-09-26 09:48:58.142 [ex2.lab1.ies.deti.ua.WeatherStarter.main()] WeatherStarter - Wind Direction: W
[INFO ] 2024-09-26 09:48:58.142 [ex2.lab1.ies.deti.ua.WeatherStarter.main()] WeatherStarter - Wind Speed: 1 km/h
[INFO ] 2024-09-26 12:17:37.911 [ex2.lab1.ies.deti.ua.WeatherStarter.main()] WeatherStarter - Weather forecast for 1010500, PT
[INFO ] 2024-09-26 12:17:37.913 [ex2.lab1.ies.deti.ua.WeatherStarter.main()] WeatherStarter - Date: 2024-09-26
[INFO ] 2024-09-26 12:17:37.913 [ex2.lab1.ies.deti.ua.WeatherStarter.main()] WeatherStarter - Max Temperature: 22.7°C
[INFO ] 2024-09-26 12:17:37.913 [ex2.lab1.ies.deti.ua.WeatherStarter.main()] WeatherStarter - Min Temperature: 17.4°C
[INFO ] 2024-09-26 12:17:37.913 [ex2.lab1.ies.deti.ua.WeatherStarter.main()] WeatherStarter - Weather Type: W
[INFO ] 2024-09-26 12:17:37.913 [ex2.lab1.ies.deti.ua.WeatherStarter.main()] WeatherStarter - Wind Direction: W
[INFO ] 2024-09-26 12:17:37.913 [ex2.lab1.ies.deti.ua.WeatherStarter.main()] WeatherStarter - Wind Speed: 2 km/h
[INFO ] 2024-09-26 12:17:37.914 [ex2.lab1.ies.deti.ua.WeatherStarter.main()] WeatherStarter - Date: 2024-09-27
[INFO ] 2024-09-26 12:17:37.914 [ex2.lab1.ies.deti.ua.WeatherStarter.main()] WeatherStarter - Max Temperature: 20.1°C
[INFO ] 2024-09-26 12:17:37.914 [ex2.lab1.ies.deti.ua.WeatherStarter.main()] WeatherStarter - Min Temperature: 13.9°C
[INFO ] 2024-09-26 12:17:37.915 [ex2.lab1.ies.deti.ua.WeatherStarter.main()] WeatherStarter - Weather Type: N
[INFO ] 2024-09-26 12:17:37.915 [ex2.lab1.ies.deti.ua.WeatherStarter.main()] WeatherStarter - Wind Direction: N
[INFO ] 2024-09-26 12:17:37.915 [ex2.lab1.ies.deti.ua.WeatherStarter.main()] WeatherStarter - Wind Speed: 2 km/h
[INFO ] 2024-09-26 12:17:37.916 [ex2.lab1.ies.deti.ua.WeatherStarter.main()] WeatherStarter - Date: 2024-09-28
[INFO ] 2024-09-26 12:17:37.916 [ex2.lab1.ies.deti.ua.WeatherStarter.main()] WeatherStarter - Max Temperature: 20.9°C
[INFO ] 2024-09-26 12:17:37.916 [ex2.lab1.ies.deti.ua.WeatherStarter.main()] WeatherStarter - Min Temperature: 10.2°C
[INFO ] 2024-09-26 12:17:37.916 [ex2.lab1.ies.deti.ua.WeatherStarter.main()] WeatherStarter - Weather Type: N
[INFO ] 2024-09-26 12:17:37.916 [ex2.lab1.ies.deti.ua.WeatherStarter.main()] WeatherStarter - Wind Direction: N
[INFO ] 2024-09-26 12:17:37.916 [ex2.lab1.ies.deti.ua.WeatherStarter.main()] WeatherStarter - Wind Speed: 1 km/h
[INFO ] 2024-09-26 12:17:37.917 [ex2.lab1.ies.deti.ua.WeatherStarter.main()] WeatherStarter - Date: 2024-09-29
[INFO ] 2024-09-26 12:17:37.917 [ex2.lab1.ies.deti.ua.WeatherStarter.main()] WeatherStarter - Max Temperature: 22.8°C
[INFO ] 2024-09-26 12:17:37.917 [ex2.lab1.ies.deti.ua.WeatherStarter.main()] WeatherStarter - Min Temperature: 12.7°C
[INFO ] 2024-09-26 12:17:37.917 [ex2.lab1.ies.deti.ua.WeatherStarter.main()] WeatherStarter - Weather Type: N
[INFO ] 2024-09-26 12:17:37.917 [ex2.lab1.ies.deti.ua.WeatherStarter.main()] WeatherStarter - Wind Direction: N
[INFO ] 2024-09-26 12:17:37.917 [ex2.lab1.ies.deti.ua.WeatherStarter.main()] WeatherStarter - Wind Speed: 1 km/h
[INFO ] 2024-09-26 12:17:37.918 [ex2.lab1.ies.deti.ua.WeatherStarter.main()] WeatherStarter - Date: 2024-09-30
[INFO ] 2024-09-26 12:17:37.918 [ex2.lab1.ies.deti.ua.WeatherStarter.main()] WeatherStarter - Max Temperature: 23.4°C
[INFO ] 2024-09-26 12:17:37.918 [ex2.lab1.ies.deti.ua.WeatherStarter.main()] WeatherStarter - Min Temperature: 13.3°C
[INFO ] 2024-09-26 12:17:37.918 [ex2.lab1.ies.deti.ua.WeatherStarter.main()] WeatherStarter - Weather Type: W
[INFO ] 2024-09-26 12:17:37.918 [ex2.lab1.ies.deti.ua.WeatherStarter.main()] WeatherStarter - Wind Direction: W
[INFO ] 2024-09-26 12:17:37.918 [ex2.lab1.ies.deti.ua.WeatherStarter.main()] WeatherStarter - Wind Speed: 1 km/h
